<?xml version="1.0" encoding="UTF-8"?>
<!-- Generated by org.testng.reporters.JUnitReportReporter -->
<testsuite hostname="EC2AMAZ-S11DBRH" failures="0" tests="1" name="Runners.GoogleSearch" time="3.758" errors="1" timestamp="2024-03-24T07:15:59 GMT" skipped="0">
  <testcase classname="Runners.GoogleSearch" name="runScenario" time="3.758">
    <error message="TODO: implement me" type="io.cucumber.java.PendingException">
      <![CDATA[io.cucumber.java.PendingException: TODO: implement me
at StepDefinitions.GoogleSearch.Google_page_launch_successful(GoogleSearch.java:25)
at âœ½.Google page launch successful(file:///C:/Users/Administrator/git/cucumber/cucumberclass/src/test/resources/Features/GoogleSearch.feature:8)
]]>
    </error>
  </testcase> <!-- runScenario -->
  <system-out/>
</testsuite> <!-- Runners.GoogleSearch -->
