<?xml version="1.0" encoding="UTF-8"?>
<testng-results ignored="0" total="2" passed="0" failed="2" skipped="0">
  <reporter-output>
  </reporter-output>
  <suite started-at="2024-03-27T04:44:02 GMT" name="Default suite" finished-at="2024-03-27T04:44:25 GMT" duration-ms="22412">
    <groups>
      <group name="cucumber">
        <method signature="AbstractTestNGCucumberTests.runScenario(io.cucumber.testng.PickleWrapper, io.cucumber.testng.FeatureWrapper)[pri:0, instance:Runners.OrderstepsRunner@76c3e77a]" name="runScenario" class="io.cucumber.testng.AbstractTestNGCucumberTests"/>
      </group> <!-- cucumber -->
    </groups>
    <test started-at="2024-03-27T04:44:02 GMT" name="Default test" finished-at="2024-03-27T04:44:25 GMT" duration-ms="22412">
      <class name="Runners.OrderstepsRunner">
        <test-method is-config="true" signature="setUpClass(org.testng.ITestContext)[pri:0, instance:Runners.OrderstepsRunner@76c3e77a]" started-at="2024-03-27T04:44:02 GMT" name="setUpClass" finished-at="2024-03-27T04:44:03 GMT" duration-ms="725" status="PASS">
          <params>
            <param index="0">
              <value>
                <![CDATA[org.testng.TestRunner@43c39321]]>
              </value>
            </param>
          </params>
          <reporter-output>
          </reporter-output>
        </test-method> <!-- setUpClass -->
        <test-method signature="runScenario(io.cucumber.testng.PickleWrapper, io.cucumber.testng.FeatureWrapper)[pri:0, instance:Runners.OrderstepsRunner@76c3e77a]" started-at="2024-03-27T04:44:03 GMT" name="runScenario" description="Runs Cucumber Scenarios" data-provider="scenarios" finished-at="2024-03-27T04:44:03 GMT" duration-ms="347" status="FAIL">
          <params>
            <param index="0">
              <value>
                <![CDATA["Search Single Item"]]>
              </value>
            </param>
            <param index="1">
              <value>
                <![CDATA["Place Order"]]>
              </value>
            </param>
          </params>
          <exception class="io.cucumber.java.PendingException">
            <message>
              <![CDATA[TODO: implement me]]>
            </message>
            <full-stacktrace>
              <![CDATA[io.cucumber.java.PendingException: TODO: implement me
at StepDefinitions.OrderSteps.user_is_on_homepage(OrderSteps.java:13)
at ✽.User is on Homepage(file:///C:/Users/Administrator/eclipse-workspace/CS/src/test/resources/Features/Order.feature:8)
]]>
            </full-stacktrace>
          </exception> <!-- io.cucumber.java.PendingException -->
          <reporter-output>
          </reporter-output>
        </test-method> <!-- runScenario -->
        <test-method signature="runScenario(io.cucumber.testng.PickleWrapper, io.cucumber.testng.FeatureWrapper)[pri:0, instance:Runners.OrderstepsRunner@76c3e77a]" started-at="2024-03-27T04:44:03 GMT" name="runScenario" description="Runs Cucumber Scenarios" data-provider="scenarios" finished-at="2024-03-27T04:44:03 GMT" duration-ms="22" status="FAIL">
          <params>
            <param index="0">
              <value>
                <![CDATA["Checkout the order"]]>
              </value>
            </param>
            <param index="1">
              <value>
                <![CDATA["Place Order"]]>
              </value>
            </param>
          </params>
          <exception class="io.cucumber.java.PendingException">
            <message>
              <![CDATA[TODO: implement me]]>
            </message>
            <full-stacktrace>
              <![CDATA[io.cucumber.java.PendingException: TODO: implement me
at StepDefinitions.OrderSteps.user_do_checkout(OrderSteps.java:31)
at ✽.User do checkout(file:///C:/Users/Administrator/eclipse-workspace/CS/src/test/resources/Features/Order.feature:14)
]]>
            </full-stacktrace>
          </exception> <!-- io.cucumber.java.PendingException -->
          <reporter-output>
          </reporter-output>
        </test-method> <!-- runScenario -->
        <test-method is-config="true" signature="tearDownClass()[pri:0, instance:Runners.OrderstepsRunner@76c3e77a]" started-at="2024-03-27T04:44:03 GMT" name="tearDownClass" finished-at="2024-03-27T04:44:25 GMT" duration-ms="21264" status="PASS">
          <reporter-output>
          </reporter-output>
        </test-method> <!-- tearDownClass -->
      </class> <!-- Runners.OrderstepsRunner -->
    </test> <!-- Default test -->
  </suite> <!-- Default suite -->
</testng-results>
